0 info it worked if it ends with ok
1 verbose cli [ '/usr/local/bin/node',
1 verbose cli   '/usr/local/bin/npm',
1 verbose cli   'install',
1 verbose cli   'ngSticky' ]
2 info using npm@1.4.28
3 info using node@v0.10.36
4 warn package.json 100hr@1.0.0 No description
5 warn package.json 100hr@1.0.0 No repository field.
6 warn package.json 100hr@1.0.0 No README data
7 verbose readDependencies using package.json deps
8 verbose cache add [ 'ngSticky', null ]
9 verbose cache add name=undefined spec="ngSticky" args=["ngSticky",null]
10 verbose parsed url { protocol: null,
10 verbose parsed url   slashes: null,
10 verbose parsed url   auth: null,
10 verbose parsed url   host: null,
10 verbose parsed url   port: null,
10 verbose parsed url   hostname: null,
10 verbose parsed url   hash: null,
10 verbose parsed url   search: null,
10 verbose parsed url   query: null,
10 verbose parsed url   pathname: 'ngSticky',
10 verbose parsed url   path: 'ngSticky',
10 verbose parsed url   href: 'ngSticky' }
11 silly lockFile 0781e042-ngSticky ngSticky
12 verbose lock ngSticky /Users/tp6z83vu04/.npm/0781e042-ngSticky.lock
13 silly lockFile 0781e042-ngSticky ngSticky
14 silly lockFile 0781e042-ngSticky ngSticky
15 verbose addNamed [ 'ngSticky', '' ]
16 verbose addNamed [ null, '*' ]
17 silly lockFile c50a1a1c-ngSticky ngSticky@
18 verbose lock ngSticky@ /Users/tp6z83vu04/.npm/c50a1a1c-ngSticky.lock
19 silly addNameRange { name: 'ngSticky', range: '*', hasData: false }
20 verbose request where is /ngSticky
21 verbose request registry https://registry.npmjs.org/
22 verbose request id 8ce11c2800607172
23 verbose url raw /ngSticky
24 verbose url resolving [ 'https://registry.npmjs.org/', './ngSticky' ]
25 verbose url resolved https://registry.npmjs.org/ngSticky
26 verbose request where is https://registry.npmjs.org/ngSticky
27 info trying registry request attempt 1 at 22:45:29
28 http GET https://registry.npmjs.org/ngSticky
29 http 404 https://registry.npmjs.org/ngSticky
30 silly registry.get cb [ 404,
30 silly registry.get   { 'content-type': 'application/json',
30 silly registry.get     'cache-control': 'max-age=0',
30 silly registry.get     'content-length': '2',
30 silly registry.get     'accept-ranges': 'bytes',
30 silly registry.get     date: 'Mon, 17 Oct 2016 14:45:30 GMT',
30 silly registry.get     via: '1.1 varnish',
30 silly registry.get     age: '0',
30 silly registry.get     connection: 'keep-alive',
30 silly registry.get     'x-served-by': 'cache-nrt6126-NRT',
30 silly registry.get     'x-cache': 'MISS',
30 silly registry.get     'x-cache-hits': '0',
30 silly registry.get     'x-timer': 'S1476715530.182192,VS0,VE696',
30 silly registry.get     vary: 'Accept-Encoding' } ]
31 silly lockFile c50a1a1c-ngSticky ngSticky@
32 silly lockFile c50a1a1c-ngSticky ngSticky@
33 error 404 Not Found
33 error 404
33 error 404 'ngSticky' is not in the npm registry.
33 error 404 You should bug the author to publish it
33 error 404 It was specified as a dependency of '100hr'
33 error 404
33 error 404 Note that you can also install from a
33 error 404 tarball, folder, or http url, or git url.
34 error System Darwin 14.5.0
35 error command "/usr/local/bin/node" "/usr/local/bin/npm" "install" "ngSticky"
36 error cwd /Users/tp6z83vu04/development/100hr
37 error node -v v0.10.36
38 error npm -v 1.4.28
39 error code E404
40 verbose exit [ 1, true ]
